<?xml version="1.0" encoding="UTF-8"?>
<!-- Generated by org.testng.reporters.JUnitXMLReporter -->
<testsuite ignored="0" hostname="LAPTOP-U93KTHPP" failures="0" tests="2" name="Default test" time="0.099" errors="0" timestamp="2021-10-30T10:46:22 IST">
  <testcase classname="testClasses.VerifyHomaPage" name="@BeforeTest launchBrowser" time="-1.635570982479E9">
    <failure type="org.testng.TestNGException" message="
Parameter &amp;apos;browser&amp;apos; is required by BeforeTest on method launchBrowser but has not been marked @Optional or defined
in C:\Users\Pratiksha\AppData\Local\Temp\testng-eclipse--617820856\testng-customsuite.xml">
      <![CDATA[org.testng.TestNGException: 
Parameter 'browser' is required by BeforeTest on method launchBrowser but has not been marked @Optional or defined
in C:\Users\Pratiksha\AppData\Local\Temp\testng-eclipse--617820856\testng-customsuite.xml
at org.testng.internal.Parameters.createParams(Parameters.java:270)
at org.testng.internal.Parameters.createParametersForMethod(Parameters.java:358)
at org.testng.internal.Parameters.createParameters(Parameters.java:700)
at org.testng.internal.Parameters.createConfigurationParameters(Parameters.java:168)
at org.testng.internal.ConfigInvoker.invokeConfigurations(ConfigInvoker.java:302)
at org.testng.TestRunner.invokeTestConfigurations(TestRunner.java:637)
at org.testng.TestRunner.beforeRun(TestRunner.java:627)
at org.testng.TestRunner.run(TestRunner.java:589)
at org.testng.SuiteRunner.runTest(SuiteRunner.java:377)
at org.testng.SuiteRunner.runSequentially(SuiteRunner.java:371)
at org.testng.SuiteRunner.privateRun(SuiteRunner.java:332)
at org.testng.SuiteRunner.run(SuiteRunner.java:276)
at org.testng.SuiteRunnerWorker.runSuite(SuiteRunnerWorker.java:53)
at org.testng.SuiteRunnerWorker.run(SuiteRunnerWorker.java:96)
at org.testng.TestNG.runSuitesSequentially(TestNG.java:1212)
at org.testng.TestNG.runSuitesLocally(TestNG.java:1134)
at org.testng.TestNG.runSuites(TestNG.java:1063)
at org.testng.TestNG.run(TestNG.java:1031)
at org.testng.remote.AbstractRemoteTestNG.run(AbstractRemoteTestNG.java:115)
at org.testng.remote.RemoteTestNG.initAndRun(RemoteTestNG.java:251)
at org.testng.remote.RemoteTestNG.main(RemoteTestNG.java:77)
]]>
    </failure>
  </testcase> <!-- @BeforeTest launchBrowser -->
  <testcase classname="testClasses.VerifyHomaPage" name="@BeforeClass createPOM" time="-1.635570982517E9">
    <skipped/>
  </testcase> <!-- @BeforeClass createPOM -->
  <testcase classname="testClasses.VerifyHomaPage" name="@BeforeMethod loginToApp" time="-1.635570982541E9">
    <skipped/>
  </testcase> <!-- @BeforeMethod loginToApp -->
  <testcase classname="testClasses.VerifyHomaPage" name="@AfterMethod logoutPage" time="-1.635570982551E9">
    <skipped/>
  </testcase> <!-- @AfterMethod logoutPage -->
  <testcase classname="testClasses.VerifyHomaPage" name="@BeforeMethod loginToApp" time="-1.635570982553E9">
    <skipped/>
  </testcase> <!-- @BeforeMethod loginToApp -->
  <testcase classname="testClasses.VerifyHomaPage" name="@AfterMethod logoutPage" time="-1.635570982563E9">
    <skipped/>
  </testcase> <!-- @AfterMethod logoutPage -->
  <testcase classname="testClasses.VerifyHomaPage" name="@AfterClass clearPomObject" time="-1.635570982566E9">
    <skipped/>
  </testcase> <!-- @AfterClass clearPomObject -->
  <testcase classname="testClasses.VerifyHomaPage" name="@AfterTest closeTheBrowser" time="-1.635570982569E9">
    <skipped/>
  </testcase> <!-- @AfterTest closeTheBrowser -->
  <testcase classname="testClasses.VerifyHomaPage" name="verifyFriend" time="0.0">
    <skipped/>
  </testcase> <!-- verifyFriend -->
  <testcase classname="testClasses.VerifyHomaPage" name="verifyNotification" time="0.0">
    <skipped/>
  </testcase> <!-- verifyNotification -->
</testsuite> <!-- Default test -->
